[0.138s] DEBUG:colcon:Command line arguments: ['/usr/bin/colcon', 'build', '--packages-select', 'ansr_hello_world_py']
[0.138s] DEBUG:colcon:Parsed command line arguments: Namespace(log_base=None, log_level=None, verb_name='build', build_base='build', install_base='install', merge_install=False, symlink_install=False, test_result_base=None, continue_on_error=False, executor='parallel', parallel_workers=24, event_handlers=None, ignore_user_meta=False, metas=['./colcon.meta'], base_paths=['.'], packages_ignore=None, packages_ignore_regex=None, paths=None, packages_up_to=None, packages_up_to_regex=None, packages_above=None, packages_above_and_dependencies=None, packages_above_depth=None, packages_select_by_dep=None, packages_skip_by_dep=None, packages_skip_up_to=None, packages_select_build_failed=False, packages_skip_build_finished=False, packages_select_test_failures=False, packages_skip_test_passed=False, packages_select=['ansr_hello_world_py'], packages_skip=None, packages_select_regex=None, packages_skip_regex=None, packages_start=None, packages_end=None, allow_overriding=[], cmake_args=None, cmake_target=None, cmake_target_skip_unavailable=False, cmake_clean_cache=False, cmake_clean_first=False, cmake_force_configure=False, ament_cmake_args=None, catkin_cmake_args=None, catkin_skip_building_tests=False, mixin_files=None, mixin=None, verb_parser=<colcon_mixin.mixin.mixin_argument.MixinArgumentDecorator object at 0x73c2dce11cc0>, verb_extension=<colcon_core.verb.build.BuildVerb object at 0x73c2dce11630>, main=<bound method BuildVerb.main of <colcon_core.verb.build.BuildVerb object at 0x73c2dce11630>>, mixin_verb=('build',))
[0.275s] Level 1:colcon.colcon_core.package_discovery:discover_packages(colcon_meta) check parameters
[0.275s] Level 1:colcon.colcon_core.package_discovery:discover_packages(recursive) check parameters
[0.275s] Level 1:colcon.colcon_core.package_discovery:discover_packages(ignore) check parameters
[0.275s] Level 1:colcon.colcon_core.package_discovery:discover_packages(path) check parameters
[0.275s] Level 1:colcon.colcon_core.package_discovery:discover_packages(colcon_meta) discover
[0.275s] Level 1:colcon.colcon_core.package_discovery:discover_packages(recursive) discover
[0.275s] INFO:colcon.colcon_core.package_discovery:Crawling recursively for packages in '/home/joshua-huang/Documents/GitHub/ansr_neurosymbolic/src'
[0.276s] Level 1:colcon.colcon_core.package_identification:_identify(.) by extensions ['ignore', 'ignore_ament_install']
[0.276s] Level 1:colcon.colcon_core.package_identification:_identify(.) by extension 'ignore'
[0.276s] Level 1:colcon.colcon_core.package_identification:_identify(.) by extension 'ignore_ament_install'
[0.276s] Level 1:colcon.colcon_core.package_identification:_identify(.) by extensions ['colcon_pkg']
[0.276s] Level 1:colcon.colcon_core.package_identification:_identify(.) by extension 'colcon_pkg'
[0.276s] Level 1:colcon.colcon_core.package_identification:_identify(.) by extensions ['colcon_meta']
[0.276s] Level 1:colcon.colcon_core.package_identification:_identify(.) by extension 'colcon_meta'
[0.276s] Level 1:colcon.colcon_core.package_identification:_identify(.) by extensions ['ros']
[0.276s] Level 1:colcon.colcon_core.package_identification:_identify(.) by extension 'ros'
[0.282s] Level 1:colcon.colcon_core.package_identification:_identify(.) by extensions ['cmake', 'python']
[0.282s] Level 1:colcon.colcon_core.package_identification:_identify(.) by extension 'cmake'
[0.282s] Level 1:colcon.colcon_core.package_identification:_identify(.) by extension 'python'
[0.282s] Level 1:colcon.colcon_core.package_identification:_identify(.) by extensions ['python_setup_py']
[0.282s] Level 1:colcon.colcon_core.package_identification:_identify(.) by extension 'python_setup_py'
[0.283s] Level 1:colcon.colcon_core.package_identification:_identify(ansr_hello_world_py) by extensions ['ignore', 'ignore_ament_install']
[0.283s] Level 1:colcon.colcon_core.package_identification:_identify(ansr_hello_world_py) by extension 'ignore'
[0.283s] Level 1:colcon.colcon_core.package_identification:_identify(ansr_hello_world_py) by extension 'ignore_ament_install'
[0.283s] Level 1:colcon.colcon_core.package_identification:_identify(ansr_hello_world_py) by extensions ['colcon_pkg']
[0.283s] Level 1:colcon.colcon_core.package_identification:_identify(ansr_hello_world_py) by extension 'colcon_pkg'
[0.283s] Level 1:colcon.colcon_core.package_identification:_identify(ansr_hello_world_py) by extensions ['colcon_meta']
[0.283s] Level 1:colcon.colcon_core.package_identification:_identify(ansr_hello_world_py) by extension 'colcon_meta'
[0.283s] Level 1:colcon.colcon_core.package_identification:_identify(ansr_hello_world_py) by extensions ['ros']
[0.283s] Level 1:colcon.colcon_core.package_identification:_identify(ansr_hello_world_py) by extension 'ros'
[0.284s] DEBUG:colcon.colcon_core.package_identification:Package 'ansr_hello_world_py' with type 'ros.ament_python' and name 'ansr_hello_world_py'
[0.284s] Level 1:colcon.colcon_core.package_identification:_identify(build) by extensions ['ignore', 'ignore_ament_install']
[0.284s] Level 1:colcon.colcon_core.package_identification:_identify(build) by extension 'ignore'
[0.284s] Level 1:colcon.colcon_core.package_identification:_identify(build) ignored
[0.284s] Level 1:colcon.colcon_core.package_identification:_identify(install) by extensions ['ignore', 'ignore_ament_install']
[0.284s] Level 1:colcon.colcon_core.package_identification:_identify(install) by extension 'ignore'
[0.284s] Level 1:colcon.colcon_core.package_identification:_identify(install) ignored
[0.284s] Level 1:colcon.colcon_core.package_identification:_identify(log) by extensions ['ignore', 'ignore_ament_install']
[0.284s] Level 1:colcon.colcon_core.package_identification:_identify(log) by extension 'ignore'
[0.284s] Level 1:colcon.colcon_core.package_identification:_identify(log) ignored
[0.284s] Level 1:colcon.colcon_core.package_discovery:discover_packages(recursive) using defaults
[0.285s] Level 1:colcon.colcon_core.package_discovery:discover_packages(ignore) discover
[0.285s] Level 1:colcon.colcon_core.package_discovery:discover_packages(ignore) using defaults
[0.285s] Level 1:colcon.colcon_core.package_discovery:discover_packages(path) discover
[0.285s] Level 1:colcon.colcon_core.package_discovery:discover_packages(path) using defaults
[0.305s] Level 1:colcon.colcon_core.package_discovery:discover_packages(prefix_path) check parameters
[0.305s] Level 1:colcon.colcon_core.package_discovery:discover_packages(prefix_path) discover
[0.306s] DEBUG:colcon.colcon_installed_package_information.package_discovery:Found 1 installed packages in /home/joshua-huang/ros2_ws/install
[0.307s] DEBUG:colcon.colcon_installed_package_information.package_discovery:Found 270 installed packages in /opt/ros/humble
[0.308s] Level 1:colcon.colcon_core.package_discovery:discover_packages(prefix_path) using defaults
[0.324s] Level 5:colcon.colcon_core.verb:set package 'ansr_hello_world_py' build argument 'cmake_args' from command line to 'None'
[0.324s] Level 5:colcon.colcon_core.verb:set package 'ansr_hello_world_py' build argument 'cmake_target' from command line to 'None'
[0.324s] Level 5:colcon.colcon_core.verb:set package 'ansr_hello_world_py' build argument 'cmake_target_skip_unavailable' from command line to 'False'
[0.324s] Level 5:colcon.colcon_core.verb:set package 'ansr_hello_world_py' build argument 'cmake_clean_cache' from command line to 'False'
[0.324s] Level 5:colcon.colcon_core.verb:set package 'ansr_hello_world_py' build argument 'cmake_clean_first' from command line to 'False'
[0.324s] Level 5:colcon.colcon_core.verb:set package 'ansr_hello_world_py' build argument 'cmake_force_configure' from command line to 'False'
[0.324s] Level 5:colcon.colcon_core.verb:set package 'ansr_hello_world_py' build argument 'ament_cmake_args' from command line to 'None'
[0.324s] Level 5:colcon.colcon_core.verb:set package 'ansr_hello_world_py' build argument 'catkin_cmake_args' from command line to 'None'
[0.324s] Level 5:colcon.colcon_core.verb:set package 'ansr_hello_world_py' build argument 'catkin_skip_building_tests' from command line to 'False'
[0.324s] DEBUG:colcon.colcon_core.verb:Building package 'ansr_hello_world_py' with the following arguments: {'ament_cmake_args': None, 'build_base': '/home/joshua-huang/Documents/GitHub/ansr_neurosymbolic/src/build/ansr_hello_world_py', 'catkin_cmake_args': None, 'catkin_skip_building_tests': False, 'cmake_args': None, 'cmake_clean_cache': False, 'cmake_clean_first': False, 'cmake_force_configure': False, 'cmake_target': None, 'cmake_target_skip_unavailable': False, 'install_base': '/home/joshua-huang/Documents/GitHub/ansr_neurosymbolic/src/install/ansr_hello_world_py', 'merge_install': False, 'path': '/home/joshua-huang/Documents/GitHub/ansr_neurosymbolic/src/ansr_hello_world_py', 'symlink_install': False, 'test_result_base': None}
[0.325s] INFO:colcon.colcon_core.executor:Executing jobs using 'parallel' executor
[0.325s] DEBUG:colcon.colcon_parallel_executor.executor.parallel:run_until_complete
[0.325s] INFO:colcon.colcon_ros.task.ament_python.build:Building ROS package in '/home/joshua-huang/Documents/GitHub/ansr_neurosymbolic/src/ansr_hello_world_py' with build type 'ament_python'
[0.325s] Level 1:colcon.colcon_core.shell:create_environment_hook('ansr_hello_world_py', 'ament_prefix_path')
[0.328s] INFO:colcon.colcon_core.plugin_system:Skipping extension 'colcon_core.shell.bat': Not used on non-Windows systems
[0.328s] INFO:colcon.colcon_core.shell:Creating environment hook '/home/joshua-huang/Documents/GitHub/ansr_neurosymbolic/src/install/ansr_hello_world_py/share/ansr_hello_world_py/hook/ament_prefix_path.ps1'
[0.328s] INFO:colcon.colcon_core.shell:Creating environment descriptor '/home/joshua-huang/Documents/GitHub/ansr_neurosymbolic/src/install/ansr_hello_world_py/share/ansr_hello_world_py/hook/ament_prefix_path.dsv'
[0.329s] INFO:colcon.colcon_core.shell:Creating environment hook '/home/joshua-huang/Documents/GitHub/ansr_neurosymbolic/src/install/ansr_hello_world_py/share/ansr_hello_world_py/hook/ament_prefix_path.sh'
[0.329s] INFO:colcon.colcon_core.shell:Skip shell extension 'powershell' for command environment: Not usable outside of PowerShell
[0.329s] DEBUG:colcon.colcon_core.shell:Skip shell extension 'dsv' for command environment
[0.452s] INFO:colcon.colcon_core.task.python.build:Building Python package in '/home/joshua-huang/Documents/GitHub/ansr_neurosymbolic/src/ansr_hello_world_py'
[0.453s] INFO:colcon.colcon_core.shell:Skip shell extension 'powershell' for command environment: Not usable outside of PowerShell
[0.453s] DEBUG:colcon.colcon_core.shell:Skip shell extension 'dsv' for command environment
[0.635s] DEBUG:colcon.colcon_core.event_handler.log_command:Invoking command in '/home/joshua-huang/Documents/GitHub/ansr_neurosymbolic/src/ansr_hello_world_py': PYTHONPATH=/home/joshua-huang/Documents/GitHub/ansr_neurosymbolic/src/build/ansr_hello_world_py/prefix_override:/home/joshua-huang/Documents/GitHub/ansr_neurosymbolic/src/install/ansr_hello_world_py/lib/python3.10/site-packages:${PYTHONPATH} /usr/bin/python3 -W ignore:setup.py install is deprecated setup.py egg_info --egg-base ../build/ansr_hello_world_py build --build-base /home/joshua-huang/Documents/GitHub/ansr_neurosymbolic/src/build/ansr_hello_world_py/build install --record /home/joshua-huang/Documents/GitHub/ansr_neurosymbolic/src/build/ansr_hello_world_py/install.log --single-version-externally-managed install_data
[0.777s] DEBUG:colcon.colcon_core.event_handler.log_command:Invoked command in '/home/joshua-huang/Documents/GitHub/ansr_neurosymbolic/src/ansr_hello_world_py' returned '0': PYTHONPATH=/home/joshua-huang/Documents/GitHub/ansr_neurosymbolic/src/build/ansr_hello_world_py/prefix_override:/home/joshua-huang/Documents/GitHub/ansr_neurosymbolic/src/install/ansr_hello_world_py/lib/python3.10/site-packages:${PYTHONPATH} /usr/bin/python3 -W ignore:setup.py install is deprecated setup.py egg_info --egg-base ../build/ansr_hello_world_py build --build-base /home/joshua-huang/Documents/GitHub/ansr_neurosymbolic/src/build/ansr_hello_world_py/build install --record /home/joshua-huang/Documents/GitHub/ansr_neurosymbolic/src/build/ansr_hello_world_py/install.log --single-version-externally-managed install_data
[0.780s] Level 1:colcon.colcon_core.environment:checking '/home/joshua-huang/Documents/GitHub/ansr_neurosymbolic/src/install/ansr_hello_world_py' for CMake module files
[0.780s] Level 1:colcon.colcon_core.environment:checking '/home/joshua-huang/Documents/GitHub/ansr_neurosymbolic/src/install/ansr_hello_world_py' for CMake config files
[0.781s] Level 1:colcon.colcon_core.environment:checking '/home/joshua-huang/Documents/GitHub/ansr_neurosymbolic/src/install/ansr_hello_world_py/lib'
[0.781s] Level 1:colcon.colcon_core.environment:checking '/home/joshua-huang/Documents/GitHub/ansr_neurosymbolic/src/install/ansr_hello_world_py/bin'
[0.781s] Level 1:colcon.colcon_core.environment:checking '/home/joshua-huang/Documents/GitHub/ansr_neurosymbolic/src/install/ansr_hello_world_py/lib/pkgconfig/ansr_hello_world_py.pc'
[0.781s] Level 1:colcon.colcon_core.environment:checking '/home/joshua-huang/Documents/GitHub/ansr_neurosymbolic/src/install/ansr_hello_world_py/lib/python3.10/site-packages'
[0.781s] Level 1:colcon.colcon_core.shell:create_environment_hook('ansr_hello_world_py', 'pythonpath')
[0.781s] INFO:colcon.colcon_core.shell:Creating environment hook '/home/joshua-huang/Documents/GitHub/ansr_neurosymbolic/src/install/ansr_hello_world_py/share/ansr_hello_world_py/hook/pythonpath.ps1'
[0.781s] INFO:colcon.colcon_core.shell:Creating environment descriptor '/home/joshua-huang/Documents/GitHub/ansr_neurosymbolic/src/install/ansr_hello_world_py/share/ansr_hello_world_py/hook/pythonpath.dsv'
[0.781s] INFO:colcon.colcon_core.shell:Creating environment hook '/home/joshua-huang/Documents/GitHub/ansr_neurosymbolic/src/install/ansr_hello_world_py/share/ansr_hello_world_py/hook/pythonpath.sh'
[0.781s] Level 1:colcon.colcon_core.environment:checking '/home/joshua-huang/Documents/GitHub/ansr_neurosymbolic/src/install/ansr_hello_world_py/bin'
[0.781s] Level 1:colcon.colcon_core.environment:create_environment_scripts_only(ansr_hello_world_py)
[0.782s] INFO:colcon.colcon_core.shell:Creating package script '/home/joshua-huang/Documents/GitHub/ansr_neurosymbolic/src/install/ansr_hello_world_py/share/ansr_hello_world_py/package.ps1'
[0.782s] INFO:colcon.colcon_core.shell:Creating package descriptor '/home/joshua-huang/Documents/GitHub/ansr_neurosymbolic/src/install/ansr_hello_world_py/share/ansr_hello_world_py/package.dsv'
[0.782s] INFO:colcon.colcon_core.shell:Creating package script '/home/joshua-huang/Documents/GitHub/ansr_neurosymbolic/src/install/ansr_hello_world_py/share/ansr_hello_world_py/package.sh'
[0.783s] INFO:colcon.colcon_core.shell:Creating package script '/home/joshua-huang/Documents/GitHub/ansr_neurosymbolic/src/install/ansr_hello_world_py/share/ansr_hello_world_py/package.bash'
[0.783s] INFO:colcon.colcon_core.shell:Creating package script '/home/joshua-huang/Documents/GitHub/ansr_neurosymbolic/src/install/ansr_hello_world_py/share/ansr_hello_world_py/package.zsh'
[0.784s] Level 1:colcon.colcon_core.environment:create_file_with_runtime_dependencies(/home/joshua-huang/Documents/GitHub/ansr_neurosymbolic/src/install/ansr_hello_world_py/share/colcon-core/packages/ansr_hello_world_py)
[0.784s] DEBUG:colcon.colcon_parallel_executor.executor.parallel:closing loop
[0.784s] DEBUG:colcon.colcon_parallel_executor.executor.parallel:loop closed
[0.784s] DEBUG:colcon.colcon_parallel_executor.executor.parallel:run_until_complete finished with '0'
[0.784s] DEBUG:colcon.colcon_core.event_reactor:joining thread
[0.787s] INFO:colcon.colcon_core.plugin_system:Skipping extension 'colcon_notification.desktop_notification.terminal_notifier': Not used on non-Darwin systems
[0.787s] INFO:colcon.colcon_core.plugin_system:Skipping extension 'colcon_notification.desktop_notification.win32': Not used on non-Windows systems
[0.787s] INFO:colcon.colcon_notification.desktop_notification:Sending desktop notification using 'notify2'
[0.795s] DEBUG:colcon.colcon_core.event_reactor:joined thread
[0.795s] INFO:colcon.colcon_core.shell:Creating prefix script '/home/joshua-huang/Documents/GitHub/ansr_neurosymbolic/src/install/local_setup.ps1'
[0.795s] INFO:colcon.colcon_core.shell:Creating prefix util module '/home/joshua-huang/Documents/GitHub/ansr_neurosymbolic/src/install/_local_setup_util_ps1.py'
[0.796s] INFO:colcon.colcon_core.shell:Creating prefix chain script '/home/joshua-huang/Documents/GitHub/ansr_neurosymbolic/src/install/setup.ps1'
[0.797s] INFO:colcon.colcon_core.shell:Creating prefix script '/home/joshua-huang/Documents/GitHub/ansr_neurosymbolic/src/install/local_setup.sh'
[0.797s] INFO:colcon.colcon_core.shell:Creating prefix util module '/home/joshua-huang/Documents/GitHub/ansr_neurosymbolic/src/install/_local_setup_util_sh.py'
[0.797s] INFO:colcon.colcon_core.shell:Creating prefix chain script '/home/joshua-huang/Documents/GitHub/ansr_neurosymbolic/src/install/setup.sh'
[0.798s] INFO:colcon.colcon_core.shell:Creating prefix script '/home/joshua-huang/Documents/GitHub/ansr_neurosymbolic/src/install/local_setup.bash'
[0.798s] INFO:colcon.colcon_core.shell:Creating prefix chain script '/home/joshua-huang/Documents/GitHub/ansr_neurosymbolic/src/install/setup.bash'
[0.798s] INFO:colcon.colcon_core.shell:Creating prefix script '/home/joshua-huang/Documents/GitHub/ansr_neurosymbolic/src/install/local_setup.zsh'
[0.799s] INFO:colcon.colcon_core.shell:Creating prefix chain script '/home/joshua-huang/Documents/GitHub/ansr_neurosymbolic/src/install/setup.zsh'
