[0.310s] Invoking command in '/home/joshua-huang/Documents/GitHub/ansr_neurosymbolic/src/ansr_hello_world_py': PYTHONPATH=/home/joshua-huang/Documents/GitHub/ansr_neurosymbolic/src/build/ansr_hello_world_py/prefix_override:/home/joshua-huang/Documents/GitHub/ansr_neurosymbolic/src/install/ansr_hello_world_py/lib/python3.10/site-packages:${PYTHONPATH} /usr/bin/python3 -W ignore:setup.py install is deprecated setup.py egg_info --egg-base ../build/ansr_hello_world_py build --build-base /home/joshua-huang/Documents/GitHub/ansr_neurosymbolic/src/build/ansr_hello_world_py/build install --record /home/joshua-huang/Documents/GitHub/ansr_neurosymbolic/src/build/ansr_hello_world_py/install.log --single-version-externally-managed install_data
[0.427s] running egg_info
[0.427s] creating ../build/ansr_hello_world_py/ansr_hello_world_py.egg-info
[0.427s] writing ../build/ansr_hello_world_py/ansr_hello_world_py.egg-info/PKG-INFO
[0.427s] writing dependency_links to ../build/ansr_hello_world_py/ansr_hello_world_py.egg-info/dependency_links.txt
[0.427s] writing entry points to ../build/ansr_hello_world_py/ansr_hello_world_py.egg-info/entry_points.txt
[0.427s] writing requirements to ../build/ansr_hello_world_py/ansr_hello_world_py.egg-info/requires.txt
[0.427s] writing top-level names to ../build/ansr_hello_world_py/ansr_hello_world_py.egg-info/top_level.txt
[0.427s] writing manifest file '../build/ansr_hello_world_py/ansr_hello_world_py.egg-info/SOURCES.txt'
[0.428s] reading manifest file '../build/ansr_hello_world_py/ansr_hello_world_py.egg-info/SOURCES.txt'
[0.428s] writing manifest file '../build/ansr_hello_world_py/ansr_hello_world_py.egg-info/SOURCES.txt'
[0.428s] running build
[0.429s] running build_py
[0.429s] creating /home/joshua-huang/Documents/GitHub/ansr_neurosymbolic/src/build/ansr_hello_world_py/build
[0.429s] creating /home/joshua-huang/Documents/GitHub/ansr_neurosymbolic/src/build/ansr_hello_world_py/build/lib
[0.429s] creating /home/joshua-huang/Documents/GitHub/ansr_neurosymbolic/src/build/ansr_hello_world_py/build/lib/ansr_hello_world_py
[0.429s] copying ansr_hello_world_py/__init__.py -> /home/joshua-huang/Documents/GitHub/ansr_neurosymbolic/src/build/ansr_hello_world_py/build/lib/ansr_hello_world_py
[0.429s] copying ansr_hello_world_py/publisher.py -> /home/joshua-huang/Documents/GitHub/ansr_neurosymbolic/src/build/ansr_hello_world_py/build/lib/ansr_hello_world_py
[0.429s] running install
[0.429s] running install_lib
[0.429s] creating /home/joshua-huang/Documents/GitHub/ansr_neurosymbolic/src/install/ansr_hello_world_py/lib/python3.10/site-packages/ansr_hello_world_py
[0.429s] copying /home/joshua-huang/Documents/GitHub/ansr_neurosymbolic/src/build/ansr_hello_world_py/build/lib/ansr_hello_world_py/__init__.py -> /home/joshua-huang/Documents/GitHub/ansr_neurosymbolic/src/install/ansr_hello_world_py/lib/python3.10/site-packages/ansr_hello_world_py
[0.429s] copying /home/joshua-huang/Documents/GitHub/ansr_neurosymbolic/src/build/ansr_hello_world_py/build/lib/ansr_hello_world_py/publisher.py -> /home/joshua-huang/Documents/GitHub/ansr_neurosymbolic/src/install/ansr_hello_world_py/lib/python3.10/site-packages/ansr_hello_world_py
[0.430s] byte-compiling /home/joshua-huang/Documents/GitHub/ansr_neurosymbolic/src/install/ansr_hello_world_py/lib/python3.10/site-packages/ansr_hello_world_py/__init__.py to __init__.cpython-310.pyc
[0.430s] byte-compiling /home/joshua-huang/Documents/GitHub/ansr_neurosymbolic/src/install/ansr_hello_world_py/lib/python3.10/site-packages/ansr_hello_world_py/publisher.py to publisher.cpython-310.pyc
[0.430s] running install_data
[0.430s] creating /home/joshua-huang/Documents/GitHub/ansr_neurosymbolic/src/install/ansr_hello_world_py/share/ament_index
[0.430s] creating /home/joshua-huang/Documents/GitHub/ansr_neurosymbolic/src/install/ansr_hello_world_py/share/ament_index/resource_index
[0.430s] creating /home/joshua-huang/Documents/GitHub/ansr_neurosymbolic/src/install/ansr_hello_world_py/share/ament_index/resource_index/packages
[0.430s] copying resource/ansr_hello_world_py -> /home/joshua-huang/Documents/GitHub/ansr_neurosymbolic/src/install/ansr_hello_world_py/share/ament_index/resource_index/packages
[0.430s] copying package.xml -> /home/joshua-huang/Documents/GitHub/ansr_neurosymbolic/src/install/ansr_hello_world_py/share/ansr_hello_world_py
[0.430s] running install_egg_info
[0.431s] Copying ../build/ansr_hello_world_py/ansr_hello_world_py.egg-info to /home/joshua-huang/Documents/GitHub/ansr_neurosymbolic/src/install/ansr_hello_world_py/lib/python3.10/site-packages/ansr_hello_world_py-0.0.0-py3.10.egg-info
[0.432s] running install_scripts
[0.441s] Installing publisher script to /home/joshua-huang/Documents/GitHub/ansr_neurosymbolic/src/install/ansr_hello_world_py/lib/ansr_hello_world_py
[0.441s] writing list of installed files to '/home/joshua-huang/Documents/GitHub/ansr_neurosymbolic/src/build/ansr_hello_world_py/install.log'
[0.452s] Invoked command in '/home/joshua-huang/Documents/GitHub/ansr_neurosymbolic/src/ansr_hello_world_py' returned '0': PYTHONPATH=/home/joshua-huang/Documents/GitHub/ansr_neurosymbolic/src/build/ansr_hello_world_py/prefix_override:/home/joshua-huang/Documents/GitHub/ansr_neurosymbolic/src/install/ansr_hello_world_py/lib/python3.10/site-packages:${PYTHONPATH} /usr/bin/python3 -W ignore:setup.py install is deprecated setup.py egg_info --egg-base ../build/ansr_hello_world_py build --build-base /home/joshua-huang/Documents/GitHub/ansr_neurosymbolic/src/build/ansr_hello_world_py/build install --record /home/joshua-huang/Documents/GitHub/ansr_neurosymbolic/src/build/ansr_hello_world_py/install.log --single-version-externally-managed install_data
